<?xml version="1.0" encoding="UTF-8"?>
<!-- Generated by org.testng.reporters.JUnitReportReporter -->
<testsuite hostname="LAPTOP-4NT7G6BM" failures="0" tests="3" name="com.BDD.cucumber.Options.TestRunner" time="4.765" errors="0" timestamp="2025-06-07T23:26:37 IST" skipped="0">
  <testcase classname="com.BDD.cucumber.Options.TestRunner" name="runScenario" time="3.018"/>
  <testcase classname="com.BDD.cucumber.Options.TestRunner" name="runScenario" time="1.252"/>
  <testcase classname="com.BDD.cucumber.Options.TestRunner" name="runScenario" time="0.495"/>
</testsuite> <!-- com.BDD.cucumber.Options.TestRunner -->
