<?xml version="1.0" encoding="UTF-8"?>
<!-- Generated by org.testng.reporters.JUnitReportReporter -->
<testsuite hostname="LAPTOP-4NT7G6BM" failures="0" tests="1" name="com.BDD.cucumber.Options.TestRunner" time="7.369" errors="0" timestamp="2025-06-07T12:34:10 IST" skipped="0">
  <testcase classname="com.BDD.cucumber.Options.TestRunner" name="runScenario" time="7.369"/>
</testsuite> <!-- com.BDD.cucumber.Options.TestRunner -->
