<?xml version="1.0" encoding="UTF-8"?>
<!-- Generated by org.testng.reporters.JUnitReportReporter -->
<testsuite hostname="LAPTOP-4NT7G6BM" failures="0" tests="4" name="com.BDD.cucumber.Options.TestRunner" time="13.513" errors="0" timestamp="2025-06-07T13:33:14 IST" skipped="0">
  <testcase classname="com.BDD.cucumber.Options.TestRunner" name="runScenario" time="4.067"/>
  <testcase classname="com.BDD.cucumber.Options.TestRunner" name="runScenario" time="3.765"/>
  <testcase classname="com.BDD.cucumber.Options.TestRunner" name="runScenario" time="1.774"/>
  <testcase classname="com.BDD.cucumber.Options.TestRunner" name="runScenario" time="3.907"/>
</testsuite> <!-- com.BDD.cucumber.Options.TestRunner -->
