<?xml version="1.0" encoding="UTF-8"?>
<!-- Generated by org.testng.reporters.JUnitReportReporter -->
<testsuite hostname="LAPTOP-4NT7G6BM" failures="0" tests="2" name="com.seleniumtest.OAuth2andDeserialization.GenerateTokenTest" time="0.603" errors="0" timestamp="2025-06-07T12:23:43 IST" skipped="0">
  <testcase classname="com.seleniumtest.OAuth2andDeserialization.GenerateTokenTest" name="getDetails" time="0.307"/>
  <testcase classname="com.seleniumtest.OAuth2andDeserialization.GenerateTokenTest" name="getToken" time="0.296"/>
</testsuite> <!-- com.seleniumtest.OAuth2andDeserialization.GenerateTokenTest -->
